1	SrTcO3	['Sr_sv', 'Tc_pv', 'O']	[0.0, 0.0, 0.0]
2	BaFeO3	['Ba_sv', 'Fe_pv', 'O']	[0.0, 5.3, 0.0]
3	BaMoO3	['Ba_sv', 'Mo_pv', 'O']	[0.0, 4.38, 0.0]
4	KTaO3	['K_sv', 'Ta_pv', 'O']	[0.0, 0.0, 0.0]
5	BaZrO3	['Ba_sv', 'Zr_sv', 'O']	[0.0, 0.0, 0.0]
6	SrFeO3	['Sr_sv', 'Fe_pv', 'O']	[0, 5.3, 0]
7	KTcO3	['K_sv', 'Tc_pv', 'O']	[0.0, 0.0, 0.0]
8	NaTcO3	['Na_pv', 'Tc_pv', 'O']	[0.0, 0.0, 0.0]
9	BaHfO3	['Ba_sv', 'Hf_pv', 'O']	[0.0, 0.0, 0.0]
10	SrTiO3	['Sr_sv', 'Ti_pv', 'O']	[0.0, 0.0, 0.0]
11	SrCuO3	['Sr_sv', 'Cu_pv', 'O']	[0.0, 0.0, 0.0]
12	KNbO3	['K_sv', 'Nb_pv', 'O']	[0.0, 0.0, 0.0]
13	NaTaO3	['Na_pv', 'Ta_pv', 'O']	[0.0, 0.0, 0.0]
14	BaScO3	['Ba_sv', 'Sc_sv', 'O']	[0.0, 0.0, 0.0]
15	BaPdO3	['Ba_sv', 'Pd', 'O']	[0.0, 0.0, 0.0]
16	BaTaO3	['Ba_sv', 'Ta_pv', 'O']	[0.0, 0.0, 0.0]
17	SrHfO3	['Sr_sv', 'Hf_pv', 'O']	[0.0, 0.0, 0.0]
18	NaOsO3	['Na_pv', 'Os_pv', 'O']	[0.0, 0.0, 0.0]
19	TlTcO3	['Tl_d', 'Tc_pv', 'O']	[0.0, 0.0, 0.0]
20	KReO3	['K_sv', 'Re_pv', 'O']	[0.0, 0.0, 0.0]
21	SrRuO3	['Sr_sv', 'Ru_pv', 'O']	[0.0, 0.0, 0.0]
22	KHfO3	['K_sv', 'Hf_pv', 'O']	[0.0, 0.0, 0.0]
23	SrVO3	['Sr_sv', 'V_pv', 'O']	[0.0, 3.25, 0.0]
24	KOsO3	['K_sv', 'Os_pv', 'O']	[0.0, 0.0, 0.0]
25	TaAgO3	['Ta_pv', 'Ag', 'O']	[0.0, 0.0, 0.0]
26	SrNiO3	['Sr_sv', 'Ni_pv', 'O']	[0, 6.2, 0]
27	RbIrO3	['Rb_sv', 'Ir', 'O']	[0.0, 0.0, 0.0]
28	NaReO3	['Na_pv', 'Re_pv', 'O']	[0.0, 0.0, 0.0]
29	SrMnO3	['Sr_sv', 'Mn_pv', 'O']	[0, 3.9, 0]
30	CaFeO3	['Ca_sv', 'Fe_pv', 'O']	[0, 5.3, 0]
31	SrZrO3	['Sr_sv', 'Zr_sv', 'O']	[0.0, 0.0, 0.0]
32	NaWO3	['Na_pv', 'W_sv', 'O']	[0.0, 7.17, 0.0]
33	RbTaO3	['Rb_sv', 'Ta_pv', 'O']	[0.0, 0.0, 0.0]
34	SrCoO3	['Sr_sv', 'Co', 'O']	[0, 3.32, 0]
35	SrTaO3	['Sr_sv', 'Ta_pv', 'O']	[0.0, 0.0, 0.0]
36	KZrO3	['K_sv', 'Zr_sv', 'O']	[0.0, 0.0, 0.0]
37	CaTiO3	['Ca_sv', 'Ti_pv', 'O']	[0.0, 0.0, 0.0]
38	NaRuO3	['Na_pv', 'Ru_pv', 'O']	[0.0, 0.0, 0.0]
39	LiTcO3	['Li_sv', 'Tc_pv', 'O']	[0.0, 0.0, 0.0]
40	SrPdO3	['Sr_sv', 'Pd', 'O']	[0.0, 0.0, 0.0]
41	KWO3	['K_sv', 'W_sv', 'O']	[0.0, 7.17, 0.0]
42	KRhO3	['K_sv', 'Rh_pv', 'O']	[0.0, 0.0, 0.0]
43	BaCuO3	['Ba_sv', 'Cu_pv', 'O']	[0.0, 0.0, 0.0]
44	RbNbO3	['Rb_sv', 'Nb_pv', 'O']	[0.0, 0.0, 0.0]
45	BaOsO3	['Ba_sv', 'Os_pv', 'O']	[0.0, 0.0, 0.0]
46	BaRuO3	['Ba_sv', 'Ru_pv', 'O']	[0.0, 0.0, 0.0]
47	KRuO3	['K_sv', 'Ru_pv', 'O']	[0.0, 0.0, 0.0]
48	SrMoO3	['Sr_sv', 'Mo_pv', 'O']	[0, 4.38, 0]
49	NaTiO3	['Na_pv', 'Ti_pv', 'O']	[0.0, 0.0, 0.0]
50	SrScO3	['Sr_sv', 'Sc_sv', 'O']	[0.0, 0.0, 0.0]
51	RbOsO3	['Rb_sv', 'Os_pv', 'O']	[0.0, 0.0, 0.0]
52	SrRhO3	['Sr_sv', 'Rh_pv', 'O']	[0.0, 0.0, 0.0]
53	NaMoO3	['Na_pv', 'Mo_pv', 'O']	[0, 4.38, 0]
54	SrOsO3	['Sr_sv', 'Os_pv', 'O']	[0.0, 0.0, 0.0]
55	BaRhO3	['Ba_sv', 'Rh_pv', 'O']	[0.0, 0.0, 0.0]
56	BaPtO3	['Ba_sv', 'Pt', 'O']	[0.0, 0.0, 0.0]
57	CaVO3	['Ca_sv', 'V_pv', 'O']	[0, 3.25, 0]
58	KMoO3	['K_sv', 'Mo_pv', 'O']	[0, 4.38, 0]
59	SrCrO3	['Sr_sv', 'Cr_pv', 'O']	[0.0, 3.7, 0.0]
60	SrAgO3	['Sr_sv', 'Ag', 'O']	[0.0, 0.0, 0.0]
61	RbRhO3	['Rb_sv', 'Rh_pv', 'O']	[0.0, 0.0, 0.0]
62	BaVO3	['Ba_sv', 'V_pv', 'O']	[0, 3.25, 0]
63	CaCoO3	['Ca_sv', 'Co', 'O']	[0, 3.32, 0]
64	CaMnO3	['Ca_sv', 'Mn_pv', 'O']	[0, 3.9, 0]
65	KPtO3	['K_sv', 'Pt', 'O']	[0.0, 0.0, 0.0]
66	BaNiO3	['Ba_sv', 'Ni_pv', 'O']	[0, 6.2, 0]
67	BaMnO3	['Ba_sv', 'Mn_pv', 'O']	[0, 3.9, 0]
68	SrReO3	['Sr_sv', 'Re_pv', 'O']	[0.0, 0.0, 0.0]
69	BaReO3	['Ba_sv', 'Re_pv', 'O']	[0.0, 0.0, 0.0]
70	SrIrO3	['Sr_sv', 'Ir', 'O']	[0.0, 0.0, 0.0]
71	NaVO3	['Na_pv', 'V_pv', 'O']	[0, 3.25, 0]
72	NaFeO3	['Na_pv', 'Fe_pv', 'O']	[0, 5.3, 0]
73	BaIrO3	['Ba_sv', 'Ir', 'O']	[0.0, 0.0, 0.0]
74	RbReO3	['Rb_sv', 'Re_pv', 'O']	[0.0, 0.0, 0.0]
75	CaRuO3	['Ca_sv', 'Ru_pv', 'O']	[0.0, 0.0, 0.0]
76	RbPdO3	['Rb_sv', 'Pd', 'O']	[0.0, 0.0, 0.0]
77	CaHfO3	['Ca_sv', 'Hf_pv', 'O']	[0.0, 0.0, 0.0]
78	TlWO3	['Tl_d', 'W_sv', 'O']	[0.0, 7.17, 0.0]
79	RbWO3	['Rb_sv', 'W_sv', 'O']	[0.0, 7.17, 0.0]
80	RbPtO3	['Rb_sv', 'Pt', 'O']	[0.0, 0.0, 0.0]
81	KPdO3	['K_sv', 'Pd', 'O']	[0.0, 0.0, 0.0]
82	SrPtO3	['Sr_sv', 'Pt', 'O']	[0.0, 0.0, 0.0]
83	SrZnO3	['Sr_sv', 'Zn', 'O']	[0.0, 0.0, 0.0]
84	BaWO3	['Ba_sv', 'W_sv', 'O']	[0.0, 7.17, 0.0]
85	CaCuO3	['Ca_sv', 'Cu_pv', 'O']	[0.0, 0.0, 0.0]
86	BaZnO3	['Ba_sv', 'Zn', 'O']	[0.0, 0.0, 0.0]
87	RbRuO3	['Rb_sv', 'Ru_pv', 'O']	[0.0, 0.0, 0.0]
88	RbMoO3	['Rb_sv', 'Mo_pv', 'O']	[0, 4.38, 0]
89	CaZrO3	['Ca_sv', 'Zr_sv', 'O']	[0.0, 0.0, 0.0]
90	KScO3	['K_sv', 'Sc_sv', 'O']	[0.0, 0.0, 0.0]
91	BaCdO3	['Ba_sv', 'Cd', 'O']	[0.0, 0.0, 0.0]
92	TiCdO3	['Ti_pv', 'Cd', 'O']	[0.0, 0.0, 0.0]
93	SrWO3	['Sr_sv', 'W_sv', 'O']	[0.0, 7.17, 0.0]
94	BaAuO3	['Ba_sv', 'Au', 'O']	[0.0, 0.0, 0.0]
95	YNiO3	['Y_sv', 'Ni_pv', 'O']	[0, 6.2, 0]
96	CsIrO3	['Cs_sv', 'Ir', 'O']	[0.0, 0.0, 0.0]
97	LiRuO3	['Li_sv', 'Ru_pv', 'O']	[0.0, 0.0, 0.0]
98	KVO3	['K_sv', 'V_pv', 'O']	[0, 3.25, 0]
99	BaCoO3	['Ba_sv', 'Co', 'O']	[0, 3.32, 0]
100	YCuO3	['Y_sv', 'Cu_pv', 'O']	[0.0, 0.0, 0.0]
101	YCoO3	['Y_sv', 'Co', 'O']	[0, 3.32, 0]
102	CaZnO3	['Ca_sv', 'Zn', 'O']	[0.0, 0.0, 0.0]
103	CsPdO3	['Cs_sv', 'Pd', 'O']	[0.0, 0.0, 0.0]
104	TiHgO3	['Ti_pv', 'Hg', 'O']	[0.0, 0.0, 0.0]
105	CaScO3	['Ca_sv', 'Sc_sv', 'O']	[0.0, 0.0, 0.0]
106	CsOsO3	['Cs_sv', 'Os_pv', 'O']	[0.0, 0.0, 0.0]
107	CaOsO3	['Ca_sv', 'Os_pv', 'O']	[0.0, 0.0, 0.0]
108	RbYO3	['Rb_sv', 'Y_sv', 'O']	[0.0, 0.0, 0.0]
109	CsNbO3	['Cs_sv', 'Nb_pv', 'O']	[0.0, 0.0, 0.0]
110	CsTaO3	['Cs_sv', 'Ta_pv', 'O']	[0.0, 0.0, 0.0]
111	CaRhO3	['Ca_sv', 'Rh_pv', 'O']	[0.0, 0.0, 0.0]
112	RbFeO3	['Rb_sv', 'Fe_pv', 'O']	[0, 5.3, 0]
113	NaPdO3	['Na_pv', 'Pd', 'O']	[0.0, 0.0, 0.0]
114	KYO3	['K_sv', 'Y_sv', 'O']	[0.0, 0.0, 0.0]
115	SrAuO3	['Sr_sv', 'Au', 'O']	[0.0, 0.0, 0.0]
116	SrHgO3	['Sr_sv', 'Hg', 'O']	[0.0, 0.0, 0.0]
117	KMnO3	['K_sv', 'Mn_pv', 'O']	[0, 3.9, 0]
118	HfCdO3	['Hf_pv', 'Cd', 'O']	[0.0, 0.0, 0.0]
119	MnCdO3	['Mn_pv', 'Cd', 'O']	[3.9, 0, 0]
120	VCdO3	['V_pv', 'Cd', 'O']	[3.25, 0, 0]
121	VHgO3	['V_pv', 'Hg', 'O']	[3.25, 0, 0]
122	NaCrO3	['Na_pv', 'Cr_pv', 'O']	[0, 3.7, 0]
123	HfHgO3	['Hf_pv', 'Hg', 'O']	[0.0, 0.0, 0.0]
124	HgRuO3	['Hg', 'Ru_pv', 'O']	[0.0, 0.0, 0.0]
125	YMnO3	['Y_sv', 'Mn_pv', 'O']	[0, 3.9, 0]
126	YTiO3	['Y_sv', 'Ti_pv', 'O']	[0.0, 0.0, 0.0]
127	YCrO3	['Y_sv', 'Cr_pv', 'O']	[0.0, 3.7, 0.0]
128	LiFeO3	['Li_sv', 'Fe_pv', 'O']	[0, 5.3, 0]
129	CaIrO3	['Ca_sv', 'Ir', 'O']	[0.0, 0.0, 0.0]
130	CsTiO3	['Cs_sv', 'Ti_pv', 'O']	[0.0, 0.0, 0.0]
131	TlCuO3	['Tl_d', 'Cu_pv', 'O']	[0.0, 0.0, 0.0]
132	HgOsO3	['Hg', 'Os_pv', 'O']	[0.0, 0.0, 0.0]
133	NaNiO3	['Na_pv', 'Ni_pv', 'O']	[0, 6.2, 0]
134	CuHgO3	['Cu_pv', 'Hg', 'O']	[0.0, 0.0, 0.0]
135	KAgO3	['K_sv', 'Ag', 'O']	[0.0, 0.0, 0.0]
136	PbAuO3	['Pb_d', 'Au', 'O']	[0.0, 0.0, 0.0]
137	SnHgO3	['Sn_d', 'Hg', 'O']	[0.0, 0.0, 0.0]
138	AlAgO3	['Al', 'Ag', 'O']	[0.0, 0.0, 0.0]
139	YFeO3	['Y_sv', 'Fe_pv', 'O']	[0, 5.3, 0]
140	ZrCdO3	['Zr_sv', 'Cd', 'O']	[0.0, 0.0, 0.0]
141	FeAgO3	['Fe_pv', 'Ag', 'O']	[5.3, 0, 0]
142	CdRuO3	['Cd', 'Ru_pv', 'O']	[0.0, 0.0, 0.0]
143	BiMoO3	['Bi', 'Mo_pv', 'O']	[0, 4.38, 0]
144	RbHgO3	['Rb_sv', 'Hg', 'O']	[0.0, 0.0, 0.0]
145	ZrHgO3	['Zr_sv', 'Hg', 'O']	[0.0, 0.0, 0.0]
146	RbAgO3	['Rb_sv', 'Ag', 'O']	[0.0, 0.0, 0.0]
147	RbVO3	['Rb_sv', 'V_pv', 'O']	[0, 3.25, 0]
148	CdOsO3	['Cd', 'Os_pv', 'O']	[0.0, 0.0, 0.0]
149	KAuO3	['K_sv', 'Au', 'O']	[0.0, 0.0, 0.0]
150	CsMoO3	['Cs_sv', 'Mo_pv', 'O']	[0, 4.38, 0]
151	CsRuO3	['Cs_sv', 'Ru_pv', 'O']	[0.0, 0.0, 0.0]
152	KCoO3	['K_sv', 'Co', 'O']	[0, 3.32, 0]
153	RbAuO3	['Rb_sv', 'Au', 'O']	[0.0, 0.0, 0.0]
154	KCrO3	['K_sv', 'Cr_pv', 'O']	[0, 3.7, 0]
155	RbCdO3	['Rb_sv', 'Cd', 'O']	[0.0, 0.0, 0.0]
156	KCdO3	['K_sv', 'Cd', 'O']	[0.0, 0.0, 0.0]
157	NaAgO3	['Na_pv', 'Ag', 'O']	[0.0, 0.0, 0.0]
158	NaCoO3	['Na_pv', 'Co', 'O']	[0, 3.32, 0]
159	NaZnO3	['Na_pv', 'Zn', 'O']	[0.0, 0.0, 0.0]
160	HgIrO3	['Hg', 'Ir', 'O']	[0.0, 0.0, 0.0]
161	SbAuO3	['Sb', 'Au', 'O']	[0.0, 0.0, 0.0]
162	RbZnO3	['Rb_sv', 'Zn', 'O']	[0.0, 0.0, 0.0]
163	RbNiO3	['Rb_sv', 'Ni_pv', 'O']	[0, 6.2, 0]
164	HgRhO3	['Hg', 'Rh_pv', 'O']	[0.0, 0.0, 0.0]
165	LiCrO3	['Li_sv', 'Cr_pv', 'O']	[0, 3.7, 0]
166	RbMnO3	['Rb_sv', 'Mn_pv', 'O']	[0, 3.9, 0]
167	CsCdO3	['Cs_sv', 'Cd', 'O']	[0.0, 0.0, 0.0]
168	RbCuO3	['Rb_sv', 'Cu_pv', 'O']	[0.0, 0.0, 0.0]
169	CdRhO3	['Cd', 'Rh_pv', 'O']	[0.0, 0.0, 0.0]
170	KZnO3	['K_sv', 'Zn', 'O']	[0.0, 0.0, 0.0]
171	CsAuO3	['Cs_sv', 'Au', 'O']	[0.0, 0.0, 0.0]
172	MgTiO3	['Mg_pv', 'Ti_pv', 'O']	[0.0, 0.0, 0.0]
173	MgFeO3	['Mg_pv', 'Fe_pv', 'O']	[0, 5.3, 0]
174	NaCdO3	['Na_pv', 'Cd', 'O']	[0.0, 0.0, 0.0]
175	CaHgO3	['Ca_sv', 'Hg', 'O']	[0.0, 0.0, 0.0]
176	CdIrO3	['Cd', 'Ir', 'O']	[0.0, 0.0, 0.0]
177	InOsO3	['In_d', 'Os_pv', 'O']	[0.0, 0.0, 0.0]
178	LiYO3	['Li_sv', 'Y_sv', 'O']	[0.0, 0.0, 0.0]
179	NbFeO3	['Nb_pv', 'Fe_pv', 'O']	[0, 5.3, 0]
180	CaYO3	['Ca_sv', 'Y_sv', 'O']	[0.0, 0.0, 0.0]
181	SiAgO3	['Si', 'Ag', 'O']	[0.0, 0.0, 0.0]
182	TaFeO3	['Ta_pv', 'Fe_pv', 'O']	[0, 5.3, 0]
183	MgMnO3	['Mg_pv', 'Mn_pv', 'O']	[0, 3.9, 0]
184	SiHgO3	['Si', 'Hg', 'O']	[0.0, 0.0, 0.0]
185	MgCuO3	['Mg_pv', 'Cu_pv', 'O']	[0.0, 0.0, 0.0]
186	LiNiO3	['Li_sv', 'Ni_pv', 'O']	[0, 6.2, 0]
187	SbPdO3	['Sb', 'Pd', 'O']	[0.0, 0.0, 0.0]
188	InCuO3	['In_d', 'Cu_pv', 'O']	[0.0, 0.0, 0.0]
189	RbCrO3	['Rb_sv', 'Cr_pv', 'O']	[0, 3.7, 0]
190	MgHgO3	['Mg_pv', 'Hg', 'O']	[0.0, 0.0, 0.0]
191	MgVO3	['Mg_pv', 'V_pv', 'O']	[0, 3.25, 0]
192	BeCdO3	['Be_sv', 'Cd', 'O']	[0.0, 0.0, 0.0]
193	VCoO3	['V_pv', 'Co', 'O']	[3.25, 3.32, 0]
194	VZnO3	['V_pv', 'Zn', 'O']	[3.25, 0, 0]
195	LiCdO3	['Li_sv', 'Cd', 'O']	[0.0, 0.0, 0.0]
196	TiZnO3	['Ti_pv', 'Zn', 'O']	[0.0, 0.0, 0.0]
197	TiCuO3	['Ti_pv', 'Cu_pv', 'O']	[0.0, 0.0, 0.0]
198	ScCoO3	['Sc_sv', 'Co', 'O']	[0, 3.32, 0]
199	BiPtO3	['Bi', 'Pt', 'O']	[0.0, 0.0, 0.0]
200	MgCoO3	['Mg_pv', 'Co', 'O']	[0, 3.32, 0]
201	YMoO3	['Y_sv', 'Mo_pv', 'O']	[0, 4.38, 0]
202	MnZnO3	['Mn_pv', 'Zn', 'O']	[3.9, 0, 0]
203	ZnOsO3	['Zn', 'Os_pv', 'O']	[0.0, 0.0, 0.0]
204	ScCuO3	['Sc_sv', 'Cu_pv', 'O']	[0.0, 0.0, 0.0]
205	AlAuO3	['Al', 'Au', 'O']	[0.0, 0.0, 0.0]
206	CrCuO3	['Cr_pv', 'Cu_pv', 'O']	[3.7, 0, 0]
207	YAgO3	['Y_sv', 'Ag', 'O']	[0.0, 0.0, 0.0]
208	BeHgO3	['Be_sv', 'Hg', 'O']	[0.0, 0.0, 0.0]
209	TlHgO3	['Tl_d', 'Hg', 'O']	[0.0, 0.0, 0.0]
210	ZnCuO3	['Zn', 'Cu_pv', 'O']	[0.0, 0.0, 0.0]
211	CoAuO3	['Co', 'Au', 'O']	[3.32, 0, 0]
212	TePdO3	['Te', 'Pd', 'O']	[0.0, 0.0, 0.0]
213	CrTcO3	['Cr_pv', 'Tc_pv', 'O']	[3.7, 0, 0]
214	MgRuO3	['Mg_pv', 'Ru_pv', 'O']	[0.0, 0.0, 0.0]
215	MgMoO3	['Mg_pv', 'Mo_pv', 'O']	[0, 4.38, 0]
216	MgOsO3	['Mg_pv', 'Os_pv', 'O']	[0.0, 0.0, 0.0]
217	BeAgO3	['Be_sv', 'Ag', 'O']	[0.0, 0.0, 0.0]
218	MgReO3	['Mg_pv', 'Re_pv', 'O']	[0.0, 0.0, 0.0]
219	GePdO3	['Ge_d', 'Pd', 'O']	[0.0, 0.0, 0.0]
220	MgZrO3	['Mg_pv', 'Zr_sv', 'O']	[0.0, 0.0, 0.0]
221	CoMoO3	['Co', 'Mo_pv', 'O']	[3.32, 4.38, 0]
222	HfZnO3	['Hf_pv', 'Zn', 'O']	[0.0, 0.0, 0.0]
223	MgZnO3	['Mg_pv', 'Zn', 'O']	[0.0, 0.0, 0.0]
224	SiPdO3	['Si', 'Pd', 'O']	[0.0, 0.0, 0.0]
225	MgRhO3	['Mg_pv', 'Rh_pv', 'O']	[0.0, 0.0, 0.0]
226	CuPdO3	['Cu_pv', 'Pd', 'O']	[0.0, 0.0, 0.0]
227	ScVO3	['Sc_sv', 'V_pv', 'O']	[0, 3.25, 0]
228	ZrTiO3	['Zr_sv', 'Ti_pv', 'O']	[0.0, 0.0, 0.0]
229	YOsO3	['Y_sv', 'Os_pv', 'O']	[0.0, 0.0, 0.0]
230	ZrZnO3	['Zr_sv', 'Zn', 'O']	[0.0, 0.0, 0.0]
231	ZnRhO3	['Zn', 'Rh_pv', 'O']	[0.0, 0.0, 0.0]
232	BeZnO3	['Be_sv', 'Zn', 'O']	[0.0, 0.0, 0.0]
233	ZnIrO3	['Zn', 'Ir', 'O']	[0.0, 0.0, 0.0]
234	InPtO3	['In_d', 'Pt', 'O']	[0.0, 0.0, 0.0]
235	MgIrO3	['Mg_pv', 'Ir', 'O']	[0.0, 0.0, 0.0]
236	ZnAuO3	['Zn', 'Au', 'O']	[0.0, 0.0, 0.0]
237	YWO3	['Y_sv', 'W_sv', 'O']	[0.0, 7.17, 0.0]
238	ScPdO3	['Sc_sv', 'Pd', 'O']	[0.0, 0.0, 0.0]
239	BePdO3	['Be_sv', 'Pd', 'O']	[0.0, 0.0, 0.0]
240	AlVO3	['Al', 'V_pv', 'O']	[0, 3.25, 0]
241	AlNiO3	['Al', 'Ni_pv', 'O']	[0, 6.2, 0]
242	NiMoO3	['Ni_pv', 'Mo_pv', 'O']	[6.2, 4.38, 0]
243	CoRhO3	['Co', 'Rh_pv', 'O']	[3.32, 0, 0]
Execution time for script (sec) :  329.4
